<?xml version="1.0" encoding="UTF-8"?>
<!-- Generated by org.testng.reporters.JUnitReportReporter -->
<testsuite hostname="Rajhans" failures="0" tests="1" name="com.Test.Day2" time="0.005" errors="0" timestamp="2023-12-21T18:37:53 IST" skipped="0">
  <testcase classname="com.Test.Day2" name="test" time="0.005"/>
</testsuite> <!-- com.Test.Day2 -->
