<?xml version="1.0" encoding="UTF-8"?>
<!-- Generated by org.testng.reporters.JUnitReportReporter -->
<testsuite hostname="Rajhans" failures="0" tests="2" name="com.Test.Day1" time="0.009" errors="0" timestamp="2024-01-02T13:06:18 IST" skipped="1">
  <testcase classname="com.Test.Day1" name="test2" time="0.009"/>
  <testcase classname="com.Test.Day1" name="test1">
    <skipped/>
  </testcase> <!-- test1 -->
</testsuite> <!-- com.Test.Day1 -->
