<?xml version="1.0" encoding="UTF-8"?>
<!-- Generated by org.testng.reporters.JUnitReportReporter -->
<testsuite hostname="Rajhans" failures="0" tests="2" name="com.Test.Day3" time="0.011" errors="0" timestamp="2023-12-21T18:37:53 IST" skipped="0">
  <testcase classname="com.Test.Day3" name="WebloginCarLoan" time="0.001"/>
  <testcase classname="com.Test.Day3" name="MobileloginCarLoan" time="0.010"/>
</testsuite> <!-- com.Test.Day3 -->
