<?xml version="1.0" encoding="UTF-8"?>
<!-- Generated by org.testng.reporters.JUnitReportReporter -->
<testsuite hostname="Rajhans" failures="0" tests="1" name="com.Test.Day1" time="0.002" errors="0" timestamp="2023-12-21T17:59:33 IST" skipped="0">
  <testcase classname="com.Test.Day1" name="test1" time="0.002"/>
</testsuite> <!-- com.Test.Day1 -->
