<?xml version="1.0" encoding="UTF-8"?>
<!-- Generated by org.testng.reporters.JUnitReportReporter -->
<testsuite hostname="Rajhans" failures="0" tests="2" name="com.Test.Day4" time="0.004" errors="0" timestamp="2023-12-21T18:37:53 IST" skipped="0">
  <testcase classname="com.Test.Day4" name="loginApiHomeLoan" time="0.003"/>
  <testcase classname="com.Test.Day4" name="WebloginHomeLoan" time="0.001"/>
</testsuite> <!-- com.Test.Day4 -->
